[
  {
    "line": 1,
    "elements": [
      {
        "line": 6,
        "name": "Create a Note",
        "description": "",
        "id": "notes-test;create-a-note",
        "type": "scenario",
        "keyword": "Scenario",
        "steps": [
          {
            "result": {
              "duration": 1278939697,
              "status": "passed"
            },
            "line": 8,
            "name": "def user \u003d",
            "match": {
              "arguments": [
                {
                  "val": "user",
                  "offset": 4
                }
              ],
              "location": "StepDefs.defDocString(String,String)"
            },
            "keyword": "* ",
            "doc_string": {
              "content_type": "",
              "line": 9,
              "value": "{\n  \"id\": 0,\n  \"date\": \"string\",\n  \"notes\": \"string\"\n}"
            }
          }
        ]
      },
      {
        "line": 17,
        "name": "Save a Notes",
        "description": "",
        "id": "notes-test;save-a-notes",
        "type": "scenario",
        "keyword": "Scenario",
        "steps": [
          {
            "result": {
              "duration": 111449310,
              "status": "passed"
            },
            "line": 19,
            "name": "url \u0027http://localhost:8080/Note/save\u0027",
            "match": {
              "arguments": [
                {
                  "val": "\u0027http://localhost:8080/Note/save\u0027",
                  "offset": 4
                }
              ],
              "location": "StepDefs.url(String)"
            },
            "keyword": "Given "
          },
          {
            "result": {
              "duration": 34933133,
              "error_message": "java.lang.RuntimeException: javascript evaluation failed: user\r\n\tat com.intuit.karate.Script.evalInNashorn(Script.java:383)\r\n\tat com.intuit.karate.Script.evalInNashorn(Script.java:358)\r\n\tat com.intuit.karate.Script.eval(Script.java:269)\r\n\tat com.intuit.karate.Script.eval(Script.java:182)\r\n\tat com.intuit.karate.StepDefs.request(StepDefs.java:257)\r\n\tat ✽.And request user(src/test/java/examples/Notes/Notes.feature:20)\r\nCaused by: javax.script.ScriptException: ReferenceError: \"user\" is not defined in \u003ceval\u003e at line number 1\r\n\tat jdk.nashorn.api.scripting.NashornScriptEngine.throwAsScriptException(NashornScriptEngine.java:470)\r\n\tat jdk.nashorn.api.scripting.NashornScriptEngine.evalImpl(NashornScriptEngine.java:454)\r\n\tat jdk.nashorn.api.scripting.NashornScriptEngine.evalImpl(NashornScriptEngine.java:406)\r\n\tat jdk.nashorn.api.scripting.NashornScriptEngine.evalImpl(NashornScriptEngine.java:402)\r\n\tat jdk.nashorn.api.scripting.NashornScriptEngine.eval(NashornScriptEngine.java:155)\r\n\tat javax.script.AbstractScriptEngine.eval(AbstractScriptEngine.java:264)\r\n\tat com.intuit.karate.Script.evalInNashorn(Script.java:379)\r\n\tat com.intuit.karate.Script.evalInNashorn(Script.java:358)\r\n\tat com.intuit.karate.Script.eval(Script.java:269)\r\n\tat com.intuit.karate.Script.eval(Script.java:182)\r\n\tat com.intuit.karate.StepDefs.request(StepDefs.java:257)\r\n\tat sun.reflect.NativeMethodAccessorImpl.invoke0(Native Method)\r\n\tat sun.reflect.NativeMethodAccessorImpl.invoke(NativeMethodAccessorImpl.java:62)\r\n\tat sun.reflect.DelegatingMethodAccessorImpl.invoke(DelegatingMethodAccessorImpl.java:43)\r\n\tat java.lang.reflect.Method.invoke(Method.java:498)\r\n\tat cucumber.runtime.Utils$1.call(Utils.java:40)\r\n\tat cucumber.runtime.Timeout.timeout(Timeout.java:16)\r\n\tat cucumber.runtime.Utils.invoke(Utils.java:34)\r\n\tat cucumber.runtime.java.JavaStepDefinition.execute(JavaStepDefinition.java:38)\r\n\tat cucumber.runtime.StepDefinitionMatch.runStep(StepDefinitionMatch.java:37)\r\n\tat cucumber.runtime.Runtime.runStep(Runtime.java:300)\r\n\tat cucumber.runtime.model.StepContainer.runStep(StepContainer.java:44)\r\n\tat cucumber.runtime.model.StepContainer.runSteps(StepContainer.java:39)\r\n\tat cucumber.runtime.model.CucumberScenario.run(CucumberScenario.java:44)\r\n\tat cucumber.runtime.junit.ExecutionUnitRunner.run(ExecutionUnitRunner.java:102)\r\n\tat cucumber.runtime.junit.FeatureRunner.runChild(FeatureRunner.java:63)\r\n\tat cucumber.runtime.junit.FeatureRunner.runChild(FeatureRunner.java:18)\r\n\tat org.junit.runners.ParentRunner$3.run(ParentRunner.java:290)\r\n\tat org.junit.runners.ParentRunner$1.schedule(ParentRunner.java:71)\r\n\tat org.junit.runners.ParentRunner.runChildren(ParentRunner.java:288)\r\n\tat org.junit.runners.ParentRunner.access$000(ParentRunner.java:58)\r\n\tat org.junit.runners.ParentRunner$2.evaluate(ParentRunner.java:268)\r\n\tat org.junit.runners.ParentRunner.run(ParentRunner.java:363)\r\n\tat cucumber.runtime.junit.FeatureRunner.run(FeatureRunner.java:70)\r\n\tat com.intuit.karate.junit4.Karate.runChild(Karate.java:60)\r\n\tat com.intuit.karate.junit4.Karate.runChild(Karate.java:25)\r\n\tat org.junit.runners.ParentRunner$3.run(ParentRunner.java:290)\r\n\tat org.junit.runners.ParentRunner$1.schedule(ParentRunner.java:71)\r\n\tat org.junit.runners.ParentRunner.runChildren(ParentRunner.java:288)\r\n\tat org.junit.runners.ParentRunner.access$000(ParentRunner.java:58)\r\n\tat org.junit.runners.ParentRunner$2.evaluate(ParentRunner.java:268)\r\n\tat org.junit.runners.ParentRunner.run(ParentRunner.java:363)\r\n\tat com.intuit.karate.junit4.Karate.run(Karate.java:66)\r\n\tat org.apache.maven.surefire.junit4.JUnit4Provider.execute(JUnit4Provider.java:252)\r\n\tat org.apache.maven.surefire.junit4.JUnit4Provider.executeTestSet(JUnit4Provider.java:141)\r\n\tat org.apache.maven.surefire.junit4.JUnit4Provider.invoke(JUnit4Provider.java:112)\r\n\tat sun.reflect.NativeMethodAccessorImpl.invoke0(Native Method)\r\n\tat sun.reflect.NativeMethodAccessorImpl.invoke(NativeMethodAccessorImpl.java:62)\r\n\tat sun.reflect.DelegatingMethodAccessorImpl.invoke(DelegatingMethodAccessorImpl.java:43)\r\n\tat java.lang.reflect.Method.invoke(Method.java:498)\r\n\tat org.apache.maven.surefire.util.ReflectionUtils.invokeMethodWithArray(ReflectionUtils.java:189)\r\n\tat org.apache.maven.surefire.booter.ProviderFactory$ProviderProxy.invoke(ProviderFactory.java:165)\r\n\tat org.apache.maven.surefire.booter.ProviderFactory.invokeProvider(ProviderFactory.java:85)\r\n\tat org.apache.maven.surefire.booter.ForkedBooter.runSuitesInProcess(ForkedBooter.java:115)\r\n\tat org.apache.maven.surefire.booter.ForkedBooter.main(ForkedBooter.java:75)\r\nCaused by: \u003ceval\u003e:1 ReferenceError: \"user\" is not defined\r\n\tat jdk.nashorn.internal.runtime.ECMAErrors.error(ECMAErrors.java:57)\r\n\tat jdk.nashorn.internal.runtime.ECMAErrors.referenceError(ECMAErrors.java:319)\r\n\tat jdk.nashorn.internal.runtime.ECMAErrors.referenceError(ECMAErrors.java:291)\r\n\tat jdk.nashorn.internal.objects.Global.__noSuchProperty__(Global.java:1441)\r\n\tat jdk.nashorn.internal.scripts.Script$13$\\^eval\\_.:program(\u003ceval\u003e:1)\r\n\tat jdk.nashorn.internal.runtime.ScriptFunctionData.invoke(ScriptFunctionData.java:637)\r\n\tat jdk.nashorn.internal.runtime.ScriptFunction.invoke(ScriptFunction.java:494)\r\n\tat jdk.nashorn.internal.runtime.ScriptRuntime.apply(ScriptRuntime.java:393)\r\n\tat jdk.nashorn.api.scripting.NashornScriptEngine.evalImpl(NashornScriptEngine.java:449)\r\n\t... 53 more\r\n",
              "status": "failed"
            },
            "line": 20,
            "name": "request user",
            "match": {
              "arguments": [
                {
                  "val": "user",
                  "offset": 8
                }
              ],
              "location": "StepDefs.request(String)"
            },
            "keyword": "And "
          },
          {
            "result": {
              "status": "skipped"
            },
            "line": 21,
            "name": "method post",
            "match": {
              "arguments": [
                {
                  "val": "post",
                  "offset": 7
                }
              ],
              "location": "StepDefs.method(String)"
            },
            "keyword": "When "
          },
          {
            "result": {
              "status": "skipped"
            },
            "line": 22,
            "name": "status 201",
            "match": {
              "arguments": [
                {
                  "val": "201",
                  "offset": 7
                }
              ],
              "location": "StepDefs.status(int)"
            },
            "keyword": "Then "
          }
        ]
      },
      {
        "line": 25,
        "name": "Get all Notes",
        "description": "",
        "id": "notes-test;get-all-notes",
        "type": "scenario",
        "keyword": "Scenario",
        "steps": [
          {
            "result": {
              "duration": 94054343,
              "status": "passed"
            },
            "line": 27,
            "name": "url \u0027http://localhost:8080/Note/get\u0027",
            "match": {
              "arguments": [
                {
                  "val": "\u0027http://localhost:8080/Note/get\u0027",
                  "offset": 4
                }
              ],
              "location": "StepDefs.url(String)"
            },
            "keyword": "Given "
          },
          {
            "result": {
              "duration": 2900720638,
              "error_message": "com.intuit.karate.exception.KarateException: http call failed after 2871 milliseconds for URL: http://localhost:8080/Note/get\r\n\tat com.intuit.karate.http.HttpClient.invoke(HttpClient.java:225)\r\n\tat com.intuit.karate.StepDefs.method(StepDefs.java:335)\r\n\tat ✽.When method get(src/test/java/examples/Notes/Notes.feature:28)\r\nCaused by: java.lang.RuntimeException: org.apache.http.conn.HttpHostConnectException: Connect to localhost:8080 [localhost/127.0.0.1, localhost/0:0:0:0:0:0:0:1] failed: Connection refused: connect\r\n\tat com.intuit.karate.http.apache.ApacheHttpClient.makeHttpRequest(ApacheHttpClient.java:237)\r\n\tat com.intuit.karate.http.apache.ApacheHttpClient.makeHttpRequest(ApacheHttpClient.java:72)\r\n\tat com.intuit.karate.http.HttpClient.invoke(HttpClient.java:217)\r\n\tat com.intuit.karate.StepDefs.method(StepDefs.java:335)\r\n\tat sun.reflect.NativeMethodAccessorImpl.invoke0(Native Method)\r\n\tat sun.reflect.NativeMethodAccessorImpl.invoke(NativeMethodAccessorImpl.java:62)\r\n\tat sun.reflect.DelegatingMethodAccessorImpl.invoke(DelegatingMethodAccessorImpl.java:43)\r\n\tat java.lang.reflect.Method.invoke(Method.java:498)\r\n\tat cucumber.runtime.Utils$1.call(Utils.java:40)\r\n\tat cucumber.runtime.Timeout.timeout(Timeout.java:16)\r\n\tat cucumber.runtime.Utils.invoke(Utils.java:34)\r\n\tat cucumber.runtime.java.JavaStepDefinition.execute(JavaStepDefinition.java:38)\r\n\tat cucumber.runtime.StepDefinitionMatch.runStep(StepDefinitionMatch.java:37)\r\n\tat cucumber.runtime.Runtime.runStep(Runtime.java:300)\r\n\tat cucumber.runtime.model.StepContainer.runStep(StepContainer.java:44)\r\n\tat cucumber.runtime.model.StepContainer.runSteps(StepContainer.java:39)\r\n\tat cucumber.runtime.model.CucumberScenario.run(CucumberScenario.java:44)\r\n\tat cucumber.runtime.junit.ExecutionUnitRunner.run(ExecutionUnitRunner.java:102)\r\n\tat cucumber.runtime.junit.FeatureRunner.runChild(FeatureRunner.java:63)\r\n\tat cucumber.runtime.junit.FeatureRunner.runChild(FeatureRunner.java:18)\r\n\tat org.junit.runners.ParentRunner$3.run(ParentRunner.java:290)\r\n\tat org.junit.runners.ParentRunner$1.schedule(ParentRunner.java:71)\r\n\tat org.junit.runners.ParentRunner.runChildren(ParentRunner.java:288)\r\n\tat org.junit.runners.ParentRunner.access$000(ParentRunner.java:58)\r\n\tat org.junit.runners.ParentRunner$2.evaluate(ParentRunner.java:268)\r\n\tat org.junit.runners.ParentRunner.run(ParentRunner.java:363)\r\n\tat cucumber.runtime.junit.FeatureRunner.run(FeatureRunner.java:70)\r\n\tat com.intuit.karate.junit4.Karate.runChild(Karate.java:60)\r\n\tat com.intuit.karate.junit4.Karate.runChild(Karate.java:25)\r\n\tat org.junit.runners.ParentRunner$3.run(ParentRunner.java:290)\r\n\tat org.junit.runners.ParentRunner$1.schedule(ParentRunner.java:71)\r\n\tat org.junit.runners.ParentRunner.runChildren(ParentRunner.java:288)\r\n\tat org.junit.runners.ParentRunner.access$000(ParentRunner.java:58)\r\n\tat org.junit.runners.ParentRunner$2.evaluate(ParentRunner.java:268)\r\n\tat org.junit.runners.ParentRunner.run(ParentRunner.java:363)\r\n\tat com.intuit.karate.junit4.Karate.run(Karate.java:66)\r\n\tat org.apache.maven.surefire.junit4.JUnit4Provider.execute(JUnit4Provider.java:252)\r\n\tat org.apache.maven.surefire.junit4.JUnit4Provider.executeTestSet(JUnit4Provider.java:141)\r\n\tat org.apache.maven.surefire.junit4.JUnit4Provider.invoke(JUnit4Provider.java:112)\r\n\tat sun.reflect.NativeMethodAccessorImpl.invoke0(Native Method)\r\n\tat sun.reflect.NativeMethodAccessorImpl.invoke(NativeMethodAccessorImpl.java:62)\r\n\tat sun.reflect.DelegatingMethodAccessorImpl.invoke(DelegatingMethodAccessorImpl.java:43)\r\n\tat java.lang.reflect.Method.invoke(Method.java:498)\r\n\tat org.apache.maven.surefire.util.ReflectionUtils.invokeMethodWithArray(ReflectionUtils.java:189)\r\n\tat org.apache.maven.surefire.booter.ProviderFactory$ProviderProxy.invoke(ProviderFactory.java:165)\r\n\tat org.apache.maven.surefire.booter.ProviderFactory.invokeProvider(ProviderFactory.java:85)\r\n\tat org.apache.maven.surefire.booter.ForkedBooter.runSuitesInProcess(ForkedBooter.java:115)\r\n\tat org.apache.maven.surefire.booter.ForkedBooter.main(ForkedBooter.java:75)\r\nCaused by: org.apache.http.conn.HttpHostConnectException: Connect to localhost:8080 [localhost/127.0.0.1, localhost/0:0:0:0:0:0:0:1] failed: Connection refused: connect\r\n\tat org.apache.http.impl.conn.DefaultHttpClientConnectionOperator.connect(DefaultHttpClientConnectionOperator.java:159)\r\n\tat org.apache.http.impl.conn.PoolingHttpClientConnectionManager.connect(PoolingHttpClientConnectionManager.java:359)\r\n\tat org.apache.http.impl.execchain.MainClientExec.establishRoute(MainClientExec.java:381)\r\n\tat org.apache.http.impl.execchain.MainClientExec.execute(MainClientExec.java:237)\r\n\tat org.apache.http.impl.execchain.ProtocolExec.execute(ProtocolExec.java:185)\r\n\tat org.apache.http.impl.execchain.RetryExec.execute(RetryExec.java:89)\r\n\tat org.apache.http.impl.execchain.RedirectExec.execute(RedirectExec.java:111)\r\n\tat org.apache.http.impl.client.InternalHttpClient.doExecute(InternalHttpClient.java:185)\r\n\tat org.apache.http.impl.client.CloseableHttpClient.execute(CloseableHttpClient.java:83)\r\n\tat com.intuit.karate.http.apache.ApacheHttpClient.makeHttpRequest(ApacheHttpClient.java:228)\r\n\t... 47 more\r\nCaused by: java.net.ConnectException: Connection refused: connect\r\n\tat java.net.DualStackPlainSocketImpl.waitForConnect(Native Method)\r\n\tat java.net.DualStackPlainSocketImpl.socketConnect(DualStackPlainSocketImpl.java:85)\r\n\tat java.net.AbstractPlainSocketImpl.doConnect(AbstractPlainSocketImpl.java:350)\r\n\tat java.net.AbstractPlainSocketImpl.connectToAddress(AbstractPlainSocketImpl.java:206)\r\n\tat java.net.AbstractPlainSocketImpl.connect(AbstractPlainSocketImpl.java:188)\r\n\tat java.net.PlainSocketImpl.connect(PlainSocketImpl.java:172)\r\n\tat java.net.SocksSocketImpl.connect(SocksSocketImpl.java:392)\r\n\tat java.net.Socket.connect(Socket.java:589)\r\n\tat org.apache.http.conn.socket.PlainConnectionSocketFactory.connectSocket(PlainConnectionSocketFactory.java:75)\r\n\tat org.apache.http.impl.conn.DefaultHttpClientConnectionOperator.connect(DefaultHttpClientConnectionOperator.java:142)\r\n\t... 56 more\r\n",
              "status": "failed"
            },
            "line": 28,
            "name": "method get",
            "match": {
              "arguments": [
                {
                  "val": "get",
                  "offset": 7
                }
              ],
              "location": "StepDefs.method(String)"
            },
            "keyword": "When "
          },
          {
            "result": {
              "status": "skipped"
            },
            "line": 29,
            "name": "status 200",
            "match": {
              "arguments": [
                {
                  "val": "200",
                  "offset": 7
                }
              ],
              "location": "StepDefs.status(int)"
            },
            "keyword": "Then "
          }
        ]
      },
      {
        "line": 31,
        "name": "Delete a Notes",
        "description": "",
        "id": "notes-test;delete-a-notes",
        "type": "scenario",
        "keyword": "Scenario",
        "steps": [
          {
            "result": {
              "duration": 78582534,
              "status": "passed"
            },
            "line": 33,
            "name": "def val \u003d \u00271\u0027",
            "match": {
              "arguments": [
                {
                  "val": "val",
                  "offset": 4
                },
                {
                  "val": "\u00271\u0027",
                  "offset": 10
                }
              ],
              "location": "StepDefs.def(String,String)"
            },
            "keyword": "* "
          },
          {
            "result": {
              "duration": 13734037,
              "status": "passed"
            },
            "line": 34,
            "name": "url \u0027http://localhost:8080/Note/delete/1\u0027",
            "match": {
              "arguments": [
                {
                  "val": "\u0027http://localhost:8080/Note/delete/1\u0027",
                  "offset": 4
                }
              ],
              "location": "StepDefs.url(String)"
            },
            "keyword": "Given "
          },
          {
            "result": {
              "duration": 22860805,
              "status": "passed"
            },
            "line": 35,
            "name": "request val",
            "match": {
              "arguments": [
                {
                  "val": "val",
                  "offset": 8
                }
              ],
              "location": "StepDefs.request(String)"
            },
            "keyword": "And "
          },
          {
            "result": {
              "duration": 2027604495,
              "error_message": "com.intuit.karate.exception.KarateException: http call failed after 2010 milliseconds for URL: http://localhost:8080/Note/delete/1\r\n\tat com.intuit.karate.http.HttpClient.invoke(HttpClient.java:225)\r\n\tat com.intuit.karate.StepDefs.method(StepDefs.java:335)\r\n\tat ✽.When method delete(src/test/java/examples/Notes/Notes.feature:36)\r\nCaused by: java.lang.RuntimeException: org.apache.http.conn.HttpHostConnectException: Connect to localhost:8080 [localhost/127.0.0.1, localhost/0:0:0:0:0:0:0:1] failed: Connection refused: connect\r\n\tat com.intuit.karate.http.apache.ApacheHttpClient.makeHttpRequest(ApacheHttpClient.java:237)\r\n\tat com.intuit.karate.http.apache.ApacheHttpClient.makeHttpRequest(ApacheHttpClient.java:72)\r\n\tat com.intuit.karate.http.HttpClient.invoke(HttpClient.java:217)\r\n\tat com.intuit.karate.StepDefs.method(StepDefs.java:335)\r\n\tat sun.reflect.NativeMethodAccessorImpl.invoke0(Native Method)\r\n\tat sun.reflect.NativeMethodAccessorImpl.invoke(NativeMethodAccessorImpl.java:62)\r\n\tat sun.reflect.DelegatingMethodAccessorImpl.invoke(DelegatingMethodAccessorImpl.java:43)\r\n\tat java.lang.reflect.Method.invoke(Method.java:498)\r\n\tat cucumber.runtime.Utils$1.call(Utils.java:40)\r\n\tat cucumber.runtime.Timeout.timeout(Timeout.java:16)\r\n\tat cucumber.runtime.Utils.invoke(Utils.java:34)\r\n\tat cucumber.runtime.java.JavaStepDefinition.execute(JavaStepDefinition.java:38)\r\n\tat cucumber.runtime.StepDefinitionMatch.runStep(StepDefinitionMatch.java:37)\r\n\tat cucumber.runtime.Runtime.runStep(Runtime.java:300)\r\n\tat cucumber.runtime.model.StepContainer.runStep(StepContainer.java:44)\r\n\tat cucumber.runtime.model.StepContainer.runSteps(StepContainer.java:39)\r\n\tat cucumber.runtime.model.CucumberScenario.run(CucumberScenario.java:44)\r\n\tat cucumber.runtime.junit.ExecutionUnitRunner.run(ExecutionUnitRunner.java:102)\r\n\tat cucumber.runtime.junit.FeatureRunner.runChild(FeatureRunner.java:63)\r\n\tat cucumber.runtime.junit.FeatureRunner.runChild(FeatureRunner.java:18)\r\n\tat org.junit.runners.ParentRunner$3.run(ParentRunner.java:290)\r\n\tat org.junit.runners.ParentRunner$1.schedule(ParentRunner.java:71)\r\n\tat org.junit.runners.ParentRunner.runChildren(ParentRunner.java:288)\r\n\tat org.junit.runners.ParentRunner.access$000(ParentRunner.java:58)\r\n\tat org.junit.runners.ParentRunner$2.evaluate(ParentRunner.java:268)\r\n\tat org.junit.runners.ParentRunner.run(ParentRunner.java:363)\r\n\tat cucumber.runtime.junit.FeatureRunner.run(FeatureRunner.java:70)\r\n\tat com.intuit.karate.junit4.Karate.runChild(Karate.java:60)\r\n\tat com.intuit.karate.junit4.Karate.runChild(Karate.java:25)\r\n\tat org.junit.runners.ParentRunner$3.run(ParentRunner.java:290)\r\n\tat org.junit.runners.ParentRunner$1.schedule(ParentRunner.java:71)\r\n\tat org.junit.runners.ParentRunner.runChildren(ParentRunner.java:288)\r\n\tat org.junit.runners.ParentRunner.access$000(ParentRunner.java:58)\r\n\tat org.junit.runners.ParentRunner$2.evaluate(ParentRunner.java:268)\r\n\tat org.junit.runners.ParentRunner.run(ParentRunner.java:363)\r\n\tat com.intuit.karate.junit4.Karate.run(Karate.java:66)\r\n\tat org.apache.maven.surefire.junit4.JUnit4Provider.execute(JUnit4Provider.java:252)\r\n\tat org.apache.maven.surefire.junit4.JUnit4Provider.executeTestSet(JUnit4Provider.java:141)\r\n\tat org.apache.maven.surefire.junit4.JUnit4Provider.invoke(JUnit4Provider.java:112)\r\n\tat sun.reflect.NativeMethodAccessorImpl.invoke0(Native Method)\r\n\tat sun.reflect.NativeMethodAccessorImpl.invoke(NativeMethodAccessorImpl.java:62)\r\n\tat sun.reflect.DelegatingMethodAccessorImpl.invoke(DelegatingMethodAccessorImpl.java:43)\r\n\tat java.lang.reflect.Method.invoke(Method.java:498)\r\n\tat org.apache.maven.surefire.util.ReflectionUtils.invokeMethodWithArray(ReflectionUtils.java:189)\r\n\tat org.apache.maven.surefire.booter.ProviderFactory$ProviderProxy.invoke(ProviderFactory.java:165)\r\n\tat org.apache.maven.surefire.booter.ProviderFactory.invokeProvider(ProviderFactory.java:85)\r\n\tat org.apache.maven.surefire.booter.ForkedBooter.runSuitesInProcess(ForkedBooter.java:115)\r\n\tat org.apache.maven.surefire.booter.ForkedBooter.main(ForkedBooter.java:75)\r\nCaused by: org.apache.http.conn.HttpHostConnectException: Connect to localhost:8080 [localhost/127.0.0.1, localhost/0:0:0:0:0:0:0:1] failed: Connection refused: connect\r\n\tat org.apache.http.impl.conn.DefaultHttpClientConnectionOperator.connect(DefaultHttpClientConnectionOperator.java:159)\r\n\tat org.apache.http.impl.conn.PoolingHttpClientConnectionManager.connect(PoolingHttpClientConnectionManager.java:359)\r\n\tat org.apache.http.impl.execchain.MainClientExec.establishRoute(MainClientExec.java:381)\r\n\tat org.apache.http.impl.execchain.MainClientExec.execute(MainClientExec.java:237)\r\n\tat org.apache.http.impl.execchain.ProtocolExec.execute(ProtocolExec.java:185)\r\n\tat org.apache.http.impl.execchain.RetryExec.execute(RetryExec.java:89)\r\n\tat org.apache.http.impl.execchain.RedirectExec.execute(RedirectExec.java:111)\r\n\tat org.apache.http.impl.client.InternalHttpClient.doExecute(InternalHttpClient.java:185)\r\n\tat org.apache.http.impl.client.CloseableHttpClient.execute(CloseableHttpClient.java:83)\r\n\tat com.intuit.karate.http.apache.ApacheHttpClient.makeHttpRequest(ApacheHttpClient.java:228)\r\n\t... 47 more\r\nCaused by: java.net.ConnectException: Connection refused: connect\r\n\tat java.net.DualStackPlainSocketImpl.waitForConnect(Native Method)\r\n\tat java.net.DualStackPlainSocketImpl.socketConnect(DualStackPlainSocketImpl.java:85)\r\n\tat java.net.AbstractPlainSocketImpl.doConnect(AbstractPlainSocketImpl.java:350)\r\n\tat java.net.AbstractPlainSocketImpl.connectToAddress(AbstractPlainSocketImpl.java:206)\r\n\tat java.net.AbstractPlainSocketImpl.connect(AbstractPlainSocketImpl.java:188)\r\n\tat java.net.PlainSocketImpl.connect(PlainSocketImpl.java:172)\r\n\tat java.net.SocksSocketImpl.connect(SocksSocketImpl.java:392)\r\n\tat java.net.Socket.connect(Socket.java:589)\r\n\tat org.apache.http.conn.socket.PlainConnectionSocketFactory.connectSocket(PlainConnectionSocketFactory.java:75)\r\n\tat org.apache.http.impl.conn.DefaultHttpClientConnectionOperator.connect(DefaultHttpClientConnectionOperator.java:142)\r\n\t... 56 more\r\n",
              "status": "failed"
            },
            "line": 36,
            "name": "method delete",
            "match": {
              "arguments": [
                {
                  "val": "delete",
                  "offset": 7
                }
              ],
              "location": "StepDefs.method(String)"
            },
            "keyword": "When "
          },
          {
            "result": {
              "status": "skipped"
            },
            "line": 37,
            "name": "status 500",
            "match": {
              "arguments": [
                {
                  "val": "500",
                  "offset": 7
                }
              ],
              "location": "StepDefs.status(int)"
            },
            "keyword": "Then "
          }
        ]
      },
      {
        "line": 39,
        "name": "update the Notes",
        "description": "",
        "id": "notes-test;update-the-notes",
        "type": "scenario",
        "keyword": "Scenario",
        "steps": [
          {
            "result": {
              "duration": 65401272,
              "status": "passed"
            },
            "line": 41,
            "name": "def u23 \u003d",
            "match": {
              "arguments": [
                {
                  "val": "u23",
                  "offset": 4
                }
              ],
              "location": "StepDefs.defDocString(String,String)"
            },
            "keyword": "* ",
            "doc_string": {
              "content_type": "",
              "line": 42,
              "value": "{\n  \"id\": 2,\n  \"date\": \"13.09.2017\",\n  \"notes\": \"Hai\"\n}"
            }
          },
          {
            "result": {
              "duration": 11408999,
              "status": "passed"
            },
            "line": 49,
            "name": "url \u0027http://localhost:8080/Note/update/2\u0027",
            "match": {
              "arguments": [
                {
                  "val": "\u0027http://localhost:8080/Note/update/2\u0027",
                  "offset": 4
                }
              ],
              "location": "StepDefs.url(String)"
            },
            "keyword": "Given "
          },
          {
            "result": {
              "duration": 11910961,
              "status": "passed"
            },
            "line": 50,
            "name": "request u23",
            "match": {
              "arguments": [
                {
                  "val": "u23",
                  "offset": 8
                }
              ],
              "location": "StepDefs.request(String)"
            },
            "keyword": "And "
          },
          {
            "result": {
              "duration": 2024251208,
              "error_message": "com.intuit.karate.exception.KarateException: http call failed after 2023 milliseconds for URL: http://localhost:8080/Note/update/2\r\n\tat com.intuit.karate.http.HttpClient.invoke(HttpClient.java:225)\r\n\tat com.intuit.karate.StepDefs.method(StepDefs.java:335)\r\n\tat ✽.When method put(src/test/java/examples/Notes/Notes.feature:51)\r\nCaused by: java.lang.RuntimeException: org.apache.http.conn.HttpHostConnectException: Connect to localhost:8080 [localhost/127.0.0.1, localhost/0:0:0:0:0:0:0:1] failed: Connection refused: connect\r\n\tat com.intuit.karate.http.apache.ApacheHttpClient.makeHttpRequest(ApacheHttpClient.java:237)\r\n\tat com.intuit.karate.http.apache.ApacheHttpClient.makeHttpRequest(ApacheHttpClient.java:72)\r\n\tat com.intuit.karate.http.HttpClient.invoke(HttpClient.java:217)\r\n\tat com.intuit.karate.StepDefs.method(StepDefs.java:335)\r\n\tat sun.reflect.NativeMethodAccessorImpl.invoke0(Native Method)\r\n\tat sun.reflect.NativeMethodAccessorImpl.invoke(NativeMethodAccessorImpl.java:62)\r\n\tat sun.reflect.DelegatingMethodAccessorImpl.invoke(DelegatingMethodAccessorImpl.java:43)\r\n\tat java.lang.reflect.Method.invoke(Method.java:498)\r\n\tat cucumber.runtime.Utils$1.call(Utils.java:40)\r\n\tat cucumber.runtime.Timeout.timeout(Timeout.java:16)\r\n\tat cucumber.runtime.Utils.invoke(Utils.java:34)\r\n\tat cucumber.runtime.java.JavaStepDefinition.execute(JavaStepDefinition.java:38)\r\n\tat cucumber.runtime.StepDefinitionMatch.runStep(StepDefinitionMatch.java:37)\r\n\tat cucumber.runtime.Runtime.runStep(Runtime.java:300)\r\n\tat cucumber.runtime.model.StepContainer.runStep(StepContainer.java:44)\r\n\tat cucumber.runtime.model.StepContainer.runSteps(StepContainer.java:39)\r\n\tat cucumber.runtime.model.CucumberScenario.run(CucumberScenario.java:44)\r\n\tat cucumber.runtime.junit.ExecutionUnitRunner.run(ExecutionUnitRunner.java:102)\r\n\tat cucumber.runtime.junit.FeatureRunner.runChild(FeatureRunner.java:63)\r\n\tat cucumber.runtime.junit.FeatureRunner.runChild(FeatureRunner.java:18)\r\n\tat org.junit.runners.ParentRunner$3.run(ParentRunner.java:290)\r\n\tat org.junit.runners.ParentRunner$1.schedule(ParentRunner.java:71)\r\n\tat org.junit.runners.ParentRunner.runChildren(ParentRunner.java:288)\r\n\tat org.junit.runners.ParentRunner.access$000(ParentRunner.java:58)\r\n\tat org.junit.runners.ParentRunner$2.evaluate(ParentRunner.java:268)\r\n\tat org.junit.runners.ParentRunner.run(ParentRunner.java:363)\r\n\tat cucumber.runtime.junit.FeatureRunner.run(FeatureRunner.java:70)\r\n\tat com.intuit.karate.junit4.Karate.runChild(Karate.java:60)\r\n\tat com.intuit.karate.junit4.Karate.runChild(Karate.java:25)\r\n\tat org.junit.runners.ParentRunner$3.run(ParentRunner.java:290)\r\n\tat org.junit.runners.ParentRunner$1.schedule(ParentRunner.java:71)\r\n\tat org.junit.runners.ParentRunner.runChildren(ParentRunner.java:288)\r\n\tat org.junit.runners.ParentRunner.access$000(ParentRunner.java:58)\r\n\tat org.junit.runners.ParentRunner$2.evaluate(ParentRunner.java:268)\r\n\tat org.junit.runners.ParentRunner.run(ParentRunner.java:363)\r\n\tat com.intuit.karate.junit4.Karate.run(Karate.java:66)\r\n\tat org.apache.maven.surefire.junit4.JUnit4Provider.execute(JUnit4Provider.java:252)\r\n\tat org.apache.maven.surefire.junit4.JUnit4Provider.executeTestSet(JUnit4Provider.java:141)\r\n\tat org.apache.maven.surefire.junit4.JUnit4Provider.invoke(JUnit4Provider.java:112)\r\n\tat sun.reflect.NativeMethodAccessorImpl.invoke0(Native Method)\r\n\tat sun.reflect.NativeMethodAccessorImpl.invoke(NativeMethodAccessorImpl.java:62)\r\n\tat sun.reflect.DelegatingMethodAccessorImpl.invoke(DelegatingMethodAccessorImpl.java:43)\r\n\tat java.lang.reflect.Method.invoke(Method.java:498)\r\n\tat org.apache.maven.surefire.util.ReflectionUtils.invokeMethodWithArray(ReflectionUtils.java:189)\r\n\tat org.apache.maven.surefire.booter.ProviderFactory$ProviderProxy.invoke(ProviderFactory.java:165)\r\n\tat org.apache.maven.surefire.booter.ProviderFactory.invokeProvider(ProviderFactory.java:85)\r\n\tat org.apache.maven.surefire.booter.ForkedBooter.runSuitesInProcess(ForkedBooter.java:115)\r\n\tat org.apache.maven.surefire.booter.ForkedBooter.main(ForkedBooter.java:75)\r\nCaused by: org.apache.http.conn.HttpHostConnectException: Connect to localhost:8080 [localhost/127.0.0.1, localhost/0:0:0:0:0:0:0:1] failed: Connection refused: connect\r\n\tat org.apache.http.impl.conn.DefaultHttpClientConnectionOperator.connect(DefaultHttpClientConnectionOperator.java:159)\r\n\tat org.apache.http.impl.conn.PoolingHttpClientConnectionManager.connect(PoolingHttpClientConnectionManager.java:359)\r\n\tat org.apache.http.impl.execchain.MainClientExec.establishRoute(MainClientExec.java:381)\r\n\tat org.apache.http.impl.execchain.MainClientExec.execute(MainClientExec.java:237)\r\n\tat org.apache.http.impl.execchain.ProtocolExec.execute(ProtocolExec.java:185)\r\n\tat org.apache.http.impl.execchain.RetryExec.execute(RetryExec.java:89)\r\n\tat org.apache.http.impl.execchain.RedirectExec.execute(RedirectExec.java:111)\r\n\tat org.apache.http.impl.client.InternalHttpClient.doExecute(InternalHttpClient.java:185)\r\n\tat org.apache.http.impl.client.CloseableHttpClient.execute(CloseableHttpClient.java:83)\r\n\tat com.intuit.karate.http.apache.ApacheHttpClient.makeHttpRequest(ApacheHttpClient.java:228)\r\n\t... 47 more\r\nCaused by: java.net.ConnectException: Connection refused: connect\r\n\tat java.net.DualStackPlainSocketImpl.waitForConnect(Native Method)\r\n\tat java.net.DualStackPlainSocketImpl.socketConnect(DualStackPlainSocketImpl.java:85)\r\n\tat java.net.AbstractPlainSocketImpl.doConnect(AbstractPlainSocketImpl.java:350)\r\n\tat java.net.AbstractPlainSocketImpl.connectToAddress(AbstractPlainSocketImpl.java:206)\r\n\tat java.net.AbstractPlainSocketImpl.connect(AbstractPlainSocketImpl.java:188)\r\n\tat java.net.PlainSocketImpl.connect(PlainSocketImpl.java:172)\r\n\tat java.net.SocksSocketImpl.connect(SocksSocketImpl.java:392)\r\n\tat java.net.Socket.connect(Socket.java:589)\r\n\tat org.apache.http.conn.socket.PlainConnectionSocketFactory.connectSocket(PlainConnectionSocketFactory.java:75)\r\n\tat org.apache.http.impl.conn.DefaultHttpClientConnectionOperator.connect(DefaultHttpClientConnectionOperator.java:142)\r\n\t... 56 more\r\n",
              "status": "failed"
            },
            "line": 51,
            "name": "method put",
            "match": {
              "arguments": [
                {
                  "val": "put",
                  "offset": 7
                }
              ],
              "location": "StepDefs.method(String)"
            },
            "keyword": "When "
          },
          {
            "result": {
              "status": "skipped"
            },
            "line": 52,
            "name": "status 200",
            "match": {
              "arguments": [
                {
                  "val": "200",
                  "offset": 7
                }
              ],
              "location": "StepDefs.status(int)"
            },
            "keyword": "Then "
          }
        ]
      }
    ],
    "name": "Notes test",
    "description": "  In order to value\n  As a role\n  I want feature",
    "id": "notes-test",
    "keyword": "Feature",
    "uri": "src/test/java/examples/Notes/Notes.feature"
  }
]